Aug 26 16:35 : client: [0] opened from 127.0.0.1:45660
Aug 26 16:35 : client: [0] closed
Aug 26 16:35 : client: [1] opened from 127.0.0.1:45664
Aug 26 16:40 : player: played "Elida Almeida - N'ta Konsigui.mp3"
Aug 26 16:42 : client: [1] closed
Aug 26 16:42 : client: [2] opened from 127.0.0.1:45674
Aug 26 16:42 : player: played "Elida Almeida - Nha Fidju Spera.mp3"
Aug 26 16:42 : client: [2] closed
Aug 26 16:42 : client: [3] opened from 127.0.0.1:45692
Aug 26 16:42 : client: [3] closed
Aug 26 16:43 : client: [0] opened from 127.0.0.1:45716
Aug 26 16:47 : player: played "Elida Almeida - Lebam Ku Bo.mp3"
Aug 26 17:29 : update: updating /Elida Almeida - Di Mi Ku Bó.mp3
Aug 26 17:29 : player: played "Elida Almeida - Di Mi Ku Bó.mp3"
Aug 26 17:29 : player: played "Elida Almeida - Djam N'krel Pa Mi.mp3"
Aug 26 17:29 : player: played "Elida Almeida - Joana.mp3"
Aug 26 17:29 : player: played "Elida Almeida - Mar Sagrado.mp3"
Aug 26 17:29 : player: played "Elida Almeida - N'ta Konsigui.mp3"
Aug 26 17:29 : player: played "Elida Almeida - Nha Fidju Spera.mp3"
Aug 26 17:29 : player: played "Elida Almeida - Nhu Santiagu.mp3"
Aug 26 17:29 : player: played "Elida Almeida - Nós Rikeza.mp3"
Aug 26 17:29 : player: played "Elida Almeida - Sofá.mp3"
Aug 26 17:30 : player: played "Elida Almeida - Txiku Branku.mp3"
Aug 26 17:30 : player: played "Six Hour Relaxing Piano Music.m4a"
Aug 26 17:30 : update: updating /Elida Almeida - Txiku Branku.mp3
Aug 26 17:30 : player: played "3 HOURS Instrumental Guitar Music Positive Energy For Study.mp3"
Aug 26 17:31 : client: [0] closed
Aug 26 17:31 : client: [1] opened from 127.0.0.1:45792
Aug 26 17:31 : player: played "Mirri Lobo - Caldera Preta/05 Criola.mp3"
Aug 26 17:31 : player: played "Elida Almeida - Mar Sagrado.mp3"
Aug 26 17:31 : player: played "Elida Almeida - Djam N'krel Pa Mi.mp3"
Aug 26 17:31 : player: played "Elida Almeida - Joana.mp3"
Aug 26 17:31 : player: played "3 HOURS Instrumental Guitar Music Positive Energy For Study.mp3"
Aug 26 17:31 : player: played "Elida Almeida - N'ta Konsigui.mp3"
Aug 26 17:32 : player: played "Elida Almeida - Nha Fidju Spera.mp3"
Aug 26 17:32 : player: played "Elida Almeida - Nhu Santiagu.mp3"
Aug 26 17:32 : player: played "Elida Almeida - Sofá.mp3"
Aug 26 17:32 : player: played "Elida Almeida - Nós Rikeza.mp3"
Aug 26 17:32 : player: played "Six Hour Relaxing Piano Music.m4a"
Aug 26 17:37 : player: played "Mirri Lobo - Caldera Preta/01 Encmenda de terra.mp3"
Aug 26 17:41 : player: played "Mirri Lobo - Caldera Preta/02 Coraçom bundum bundum.mp3"
Aug 26 17:45 : player: played "Mirri Lobo - Caldera Preta/03 Passion.mp3"
Aug 26 17:49 : player: played "Mirri Lobo - Caldera Preta/04 Caldera preta.mp3"
Aug 26 17:54 : player: played "Mirri Lobo - Caldera Preta/05 Criola.mp3"
Aug 26 17:59 : player: played "Mirri Lobo - Caldera Preta/06 Bolero à revelia.mp3"
Aug 26 18:03 : player: played "Mirri Lobo - Caldera Preta/07 Bo é nha doçura.mp3"
Aug 26 18:07 : player: played "Mirri Lobo - Caldera Preta/08 Nos fe.mp3"
Aug 26 18:12 : player: played "Mirri Lobo - Caldera Preta/09 Cabo Verde.mp3"
Aug 26 18:16 : player: played "Mirri Lobo - Caldera Preta/10 Nem na fraqueza de bo alma.mp3"
Aug 26 18:21 : player: played "Mirri Lobo - Caldera Preta/11 Sacrifice.mp3"
Aug 26 18:25 : player: played "Mirri Lobo - Caldera Preta/12 Só um sorriso.mp3"
Aug 26 18:29 : player: played "Mirri Lobo - Caldera Preta/13 Tont temp.mp3"
Aug 26 18:31 : client: [2] opened from 127.0.0.1:45858
Aug 26 18:31 : player: played "Elida Almeida - Mar Sagrado.mp3"
Aug 26 18:31 : client: [2] closed
Aug 26 19:16 : client: [3] opened from 127.0.0.1:45862
Aug 26 19:16 : client: [3] closed
Aug 26 19:21 : player: played "Elida Almeida - Mar Sagrado.mp3"
Aug 26 19:25 : player: played "Elida Almeida - Lebam Ku Bo.mp3"
Aug 26 19:35 : client: [4] opened from 127.0.0.1:45934
Aug 26 19:35 : player: played "3 HOURS Instrumental Guitar Music Positive Energy For Study.m4a"
Aug 26 19:35 : client: [4] closed
Aug 26 19:35 : client: [5] opened from 127.0.0.1:45938
Aug 26 19:35 : player: played "3 HOURS Instrumental Guitar Music Positive Energy For Study.mp3"
Aug 26 19:35 : client: [5] closed
Aug 26 19:35 : client: [6] opened from 127.0.0.1:45942
Aug 26 19:35 : player: played "Elida Almeida - Di Mi Ku Bó.mp3"
Aug 26 19:35 : client: [6] closed
Aug 26 19:35 : client: [7] opened from 127.0.0.1:45946
Aug 26 19:35 : player: played "Elida Almeida - Djam N'krel Pa Mi.mp3"
Aug 26 19:35 : client: [7] closed
Aug 26 19:35 : client: [8] opened from 127.0.0.1:45950
Aug 26 19:35 : player: played "Elida Almeida - Joana.mp3"
Aug 26 19:35 : client: [8] closed
Aug 26 19:40 : player: played "Elida Almeida - Mar Sagrado.mp3"
Aug 26 19:44 : player: played "Elida Almeida - N'ta Konsigui.mp3"
Aug 26 19:48 : player: played "Elida Almeida - Nha Fidju Spera.mp3"
Aug 26 19:52 : player: played "Elida Almeida - Nhu Santiagu.mp3"
Aug 26 19:57 : player: played "Elida Almeida - Nós Rikeza.mp3"
Aug 26 19:57 : player: played "Elida Almeida - Sofá.mp3"
Aug 26 19:57 : player: played "Mirri Lobo - Caldera Preta/09 Cabo Verde.mp3"
Aug 26 20:02 : player: played "Mirri Lobo - Caldera Preta/05 Criola.mp3"
Aug 26 20:04 : client: [1] closed
Aug 26 20:05 : client: [9] opened from 127.0.0.1:46382
Aug 26 20:05 : client: [9] closed
Aug 26 22:02 : client: [10] opened from 127.0.0.1:47622
Aug 26 22:02 : client: [10] closed
Aug 26 22:03 : player: played "Mirri Lobo - Caldera Preta/06 Bolero à revelia.mp3"
Aug 26 22:07 : player: played "Mirri Lobo - Caldera Preta/07 Bo é nha doçura.mp3"
Aug 26 22:11 : player: played "Mirri Lobo - Caldera Preta/08 Nos fe.mp3"
Aug 26 22:16 : player: played "Mirri Lobo - Caldera Preta/09 Cabo Verde.mp3"
Aug 26 22:20 : player: played "Mirri Lobo - Caldera Preta/10 Nem na fraqueza de bo alma.mp3"
Aug 26 22:24 : client: [11] opened from 127.0.0.1:48148
Aug 26 22:24 : client: [11] closed
Aug 26 22:39 : client: [12] opened from 127.0.0.1:48212
Aug 26 22:39 : client: [12] closed
Aug 26 22:40 : player: played "Mirri Lobo - Caldera Preta/11 Sacrifice.mp3"
Aug 26 22:40 : client: [13] opened from 127.0.0.1:48246
Aug 26 22:40 : client: [13] closed
Aug 26 22:52 : client: [14] opened from 127.0.0.1:48398
Aug 26 22:52 : client: [14] closed
Aug 26 22:57 : player: played "Mirri Lobo - Caldera Preta/12 Só um sorriso.mp3"
Aug 26 23:01 : player: played "Mirri Lobo - Caldera Preta/13 Tont temp.mp3"
Aug 26 23:05 : player: played "Elida Almeida - Mar Sagrado.mp3"
Aug 26 23:09 : player: played "Elida Almeida - Lebam Ku Bo.mp3"
Aug 26 23:19 : client: [15] opened from 127.0.0.1:48700
Aug 26 23:19 : player: played "3 HOURS Instrumental Guitar Music Positive Energy For Study.m4a"
Aug 26 23:19 : client: [15] closed
Aug 26 23:20 : client: [16] opened from 127.0.0.1:48708
Aug 26 23:20 : player: played "3 HOURS Instrumental Guitar Music Positive Energy For Study.mp3"
Aug 26 23:20 : client: [16] closed
Aug 26 23:20 : client: [17] opened from 127.0.0.1:48712
Aug 26 23:20 : player: played "Elida Almeida - Di Mi Ku Bó.mp3"
Aug 26 23:20 : client: [17] closed
Aug 26 23:23 : player: played "Elida Almeida - Djam N'krel Pa Mi.mp3"
Aug 26 23:26 : player: played "Elida Almeida - Joana.mp3"
Aug 26 23:31 : player: played "Elida Almeida - Mar Sagrado.mp3"
Aug 26 23:35 : player: played "Elida Almeida - N'ta Konsigui.mp3"
Aug 26 23:39 : player: played "Elida Almeida - Nha Fidju Spera.mp3"
Aug 26 23:43 : player: played "Elida Almeida - Nhu Santiagu.mp3"
Aug 26 23:48 : player: played "Elida Almeida - Nós Rikeza.mp3"
Aug 26 23:49 : client: [18] opened from 127.0.0.1:48784
Aug 26 23:50 : client: [18] closed
Aug 26 23:50 : client: [19] opened from 127.0.0.1:48788
Aug 26 23:50 : update: added Coldplay/Coldplay - Ghost Stories (Deluxe Edition)/10 All Your Friends.mp3
Aug 26 23:50 : client: [19] closed
Aug 26 23:50 : update: added Coldplay/Coldplay - Ghost Stories (Deluxe Edition)/03 Ink.mp3
Aug 26 23:50 : update: added Coldplay/Coldplay - Ghost Stories (Deluxe Edition)/12 O (Part 2 - Reprise).mp3
Aug 26 23:50 : update: added Coldplay/Coldplay - Ghost Stories (Deluxe Edition)/06 Another's Arms.mp3
Aug 26 23:50 : update: added Coldplay/Coldplay - Ghost Stories (Deluxe Edition)/05 Midnight.mp3
Aug 26 23:50 : update: added Coldplay/Coldplay - Ghost Stories (Deluxe Edition)/08 A Sky Full Of Stars.mp3
Aug 26 23:50 : update: added Coldplay/Coldplay - Ghost Stories (Deluxe Edition)/09 O.mp3
Aug 26 23:50 : update: added Coldplay/Coldplay - Ghost Stories (Deluxe Edition)/07 Oceans.mp3
Aug 26 23:50 : update: added Coldplay/Coldplay - Ghost Stories (Deluxe Edition)/11 Ghost Story.mp3
Aug 26 23:50 : update: added Coldplay/Coldplay - Ghost Stories (Deluxe Edition)/02 Magic.mp3
Aug 26 23:50 : update: added Coldplay/Coldplay - Ghost Stories (Deluxe Edition)/01 Always In My Head.mp3
Aug 26 23:50 : update: added Coldplay/Coldplay - Ghost Stories (Deluxe Edition)/04 Love.mp3
Aug 26 23:50 : ffmpeg/mov,mp4,m4a,3gp,3g2,mj2: stream 0, timescale not set
Aug 26 23:50 : ffmpeg/mjpeg: Changing bps to 8
Aug 26 23:50 : update: added Coldplay/X&Y/06 X&Y.m4a
Aug 26 23:50 : update: added Coldplay/X&Y/10 The Hardest Part.mp3
Aug 26 23:50 : update: added Coldplay/X&Y/04 Fix You.mp3
Aug 26 23:50 : update: added Coldplay/Viva la Vida/07 Viva la Vida.mp3
Aug 26 23:50 : update: added Coldplay/Viva la Vida/01 Violet Hill.MP3
Aug 26 23:50 : update: added Coldplay/Ghost Stories/10 All Your Friends.mp3
Aug 26 23:50 : update: added Coldplay/Ghost Stories/03 Ink.mp3
Aug 26 23:50 : update: added Coldplay/Ghost Stories/12 O (Part 2 - Reprise).mp3
Aug 26 23:50 : update: added Coldplay/Ghost Stories/06 Another's Arms.mp3
Aug 26 23:50 : update: added Coldplay/Ghost Stories/05 Midnight.mp3
Aug 26 23:50 : update: added Coldplay/Ghost Stories/08 A Sky Full Of Stars.mp3
Aug 26 23:50 : update: added Coldplay/Ghost Stories/09 O.mp3
Aug 26 23:50 : update: added Coldplay/Ghost Stories/07 Oceans.mp3
Aug 26 23:50 : update: added Coldplay/Ghost Stories/11 Ghost Story.mp3
Aug 26 23:50 : update: added Coldplay/Ghost Stories/04 True Love.mp3
Aug 26 23:50 : update: added Coldplay/Ghost Stories/02 Magic.mp3
Aug 26 23:50 : update: added Coldplay/Ghost Stories/01 Always In My Head.mp3
Aug 26 23:50 : update: added Coldplay/A Rush Of Blood To The Head/05 Clocks.mp3
Aug 26 23:50 : update: added Assol Garcia/Alma di Minino/12 Merka.mp3
Aug 26 23:50 : update: added Assol Garcia/Alma di Minino/11 Sima Kretxeu.mp3
Aug 26 23:50 : update: added Assol Garcia/Alma di Minino/07 Alma di Minino.mp3
Aug 26 23:50 : update: added Assol Garcia/Alma di Minino/06 Sonho Real.mp3
Aug 26 23:50 : update: added Assol Garcia/Alma di Minino/10 Eransa di Manduku.mp3
Aug 26 23:50 : update: added Assol Garcia/Alma di Minino/04 Djena.mp3
Aug 26 23:50 : update: added Assol Garcia/Alma di Minino/02 Sina di Djarfogu.mp3
Aug 26 23:50 : update: added Assol Garcia/Alma di Minino/08 Banderona.mp3
Aug 26 23:50 : update: added Assol Garcia/Alma di Minino/05 Festa-l Nho Sanfilipi.mp3
Aug 26 23:50 : update: added Assol Garcia/Alma di Minino/03-Emigrason.mp3
Aug 26 23:50 : update: added Assol Garcia/Alma di Minino/01 Rei sen Koroa.mp3
Aug 26 23:50 : update: added Assol Garcia/Alma di Minino/09 Beju Furtadu.mp3
Aug 26 23:50 : update: added Men In Love #1/M senhora do destino.mp3
Aug 26 23:50 : update: added Men In Love #1/Enya - Enya - Only time.mp3
Aug 26 23:50 : update: added Men In Love #1/holding back the years.wma
Aug 26 23:50 : update: added Men In Love #1/Linkin Park - 05 - New Divide_(dp).mp3
Aug 26 23:50 : update: added Men In Love #1/Rui Veloso_mesmo sabendo.wma
Aug 26 23:50 : update: added Men In Love #1/04-leona_lewis-better_in_time.mp3
Aug 26 23:50 : update: added Men In Love #1/Somewhere i belong.mp3
Aug 26 23:50 : update: added Men In Love #1/Avril Lavigne - I'm With You(1).mp3
Aug 26 23:50 : update: added Men In Love #1/Home.mp3
Aug 26 23:50 : update: added Men In Love #1/Wonderful Tonight.mp3
Aug 26 23:50 : update: added Men In Love #1/ERINISE (15).mp3
Aug 26 23:50 : update: added Men In Love #1/Backstreet Boys - Drowning (Album Version).mp3
Aug 26 23:50 : update: added Men In Love #1/Nirvana (2).mp3
Aug 26 23:50 : update: added Men In Love #1/Beatles - And i lover her.mp3
Aug 26 23:50 : update: added Men In Love #1/04 Total Eclipse of the Heart.mp3
Aug 26 23:50 : ffmpeg/asf: DRM protected stream detected, decoding will likely fail!
Aug 26 23:50 : update: added Men In Love #1/04 UM RESTO DE TUDO.wma
Aug 26 23:50 : update: added Men In Love #1/let it be.mp3
Aug 26 23:50 : ffmpeg/asf: DRM protected stream detected, decoding will likely fail!
Aug 26 23:50 : update: added Men In Love #1/14 CADA LUGAR TEU (ao vivo).wma
Aug 26 23:50 : update: added Men In Love #1/04 Aurora.wma
Aug 26 23:50 : update: added Men In Love #1/In The End.mp3
Aug 26 23:50 : update: added Men In Love #1/02 Faixa 2.mp3
Aug 26 23:50 : update: added Men In Love #1/Return to Innocence.wma
Aug 26 23:50 : update: added Men In Love #1/04 Faixa 4.wma
Aug 26 23:50 : update: added Men In Love #1/02 Track 2.mp3
Aug 26 23:50 : update: added Men In Love #1/Jealous Guy.mp3
Aug 26 23:50 : update: added Men In Love #1/04 Strani Amori.mp3
Aug 26 23:50 : update: added Men In Love #1/Elton John, Blue - Sorry Seems To Be The Hardest Word.mp3
Aug 26 23:50 : update: added Men In Love #1/17 Innocence.mp3
Aug 26 23:50 : update: added Men In Love #1/04 That I Would Be Good.mp3
Aug 26 23:50 : update: added Men In Love #1/05 Hello.mp3
Aug 26 23:50 : update: added Men In Love #1/black eyes.mp3
Aug 26 23:50 : update: added Men In Love #1/5- tony breckson.wma
Aug 26 23:50 : update: added Men In Love #1/01 Faixa 1.mp3
Aug 26 23:50 : update: added Men In Love #1/09 Do It To Me.mp3
Aug 26 23:50 : update: added Men In Love #1/05_Here with Me_X-Static_«SUMMER JAM 2007».mp3
Aug 26 23:50 : update: added Men In Love #1/Hold on.mp3
Aug 26 23:50 : update: added Men In Love #1/LIONEL RITCHIE - STUCK ON YOU.mp3
Aug 26 23:50 : update: added Men In Love #1/01 Songbird.mp3
Aug 26 23:50 : update: added Men In Love #1/02 Silhouette.mp3
Aug 26 23:50 : update: added Men In Love #1/all for love.mp3
Aug 26 23:50 : update: added Men In Love #1/02 Um dia frio.mp3
Aug 26 23:50 : update: added Men In Love #1/01 Amor I love You.mp3
Aug 26 23:50 : update: added Men In Love #1/Shania Twain - Up! - 19 - When You Kiss Me.mp3
Aug 26 23:50 : update: added Men In Love #1/02 - Robbie Williams - Feel.mp3
Aug 26 23:50 : update: added Men In Love #1/02 How Deep Is Your Love.mp3
Aug 26 23:50 : update: added Men In Love #1/Europe - Carrie.mp3
Aug 26 23:50 : update: added Men In Love #1/Cold Play - Violet Hill.MP3
Aug 26 23:50 : update: added Men In Love #1/Quando A Chuva Passar.mp3
Aug 26 23:50 : update: added Men In Love #1/Cópia de Colbie Caillat - Bubbly.mp3
Aug 26 23:50 : update: added Men In Love #1/03 Greatest Love Of All.mp3
Aug 26 23:50 : update: added Men In Love #1/10. Queen Of Rain.mp3
Aug 26 23:50 : ffmpeg/asf: DRM protected stream detected, decoding will likely fail!
Aug 26 23:50 : update: added Men In Love #1/10 Hero.wma
Aug 26 23:50 : update: added Men In Love #1/scorpions - scorpions acoustic - Pista 2.mp3
Aug 26 23:50 : update: added Men In Love #1/non ti prometto niente.mp3
Aug 26 23:50 : update: added Men In Love #1/10 My Last Breath.wma
Aug 26 23:50 : update: added Men In Love #1/LIONEL RICHIES.mp3
Aug 26 23:50 : update: added Men In Love #1/13 O que à dentro do meu coração.mp3
Aug 26 23:50 : update: added Men In Love #1/PHIL COLLIS.mp3
Aug 26 23:50 : update: added Men In Love #1/Jose Augusto - Te amo.wma
Aug 26 23:50 : update: added Men In Love #1/Come_away_with_me_-_Norah_Jones_[NCT_9774361635].mp3
Aug 26 23:50 : update: added Men In Love #1/Enya - Enigma - Enigma - Sadness.mp3
Aug 26 23:50 : update: added Men In Love #1/Backstreet Boys - Show Me the Meaning of Being Lonely.mp3
Aug 26 23:50 : update: added Men In Love #1/03 Cristal Quebrado.mp3
Aug 26 23:50 : update: added Men In Love #1/Take a look at me now - Westlife.wma
Aug 26 23:50 : update: added Men In Love #1/That's Why You Go Away.mp3
Aug 26 23:50 : update: added Men In Love #1/Spend my Time.mp3
Aug 26 23:50 : update: added Men In Love #1/02 CAN'T TUTN BACK THE YEARS.mp3
Aug 26 23:50 : update: added Men In Love #1/14 Faixa 14.mp3
Aug 26 23:50 : update: added Men In Love #1/08 Love You Inside Out.mp3
Aug 26 23:50 : update: added Men In Love #1/03 Faixa 3.mp3
Aug 26 23:50 : update: added Men In Love #1/05 Palavras.MP3
Aug 26 23:50 : update: added Men In Love #1/Tears In Heaven.mp3
Aug 26 23:50 : update: added Men In Love #1/03 Forever in love.mp3
Aug 26 23:50 : update: added Men In Love #1/Love of my Life.mp3
Aug 26 23:50 : update: added Men In Love #1/03 - Oceano.mp3
Aug 26 23:50 : update: added Men In Love #1/10 Going home.mp3
Aug 26 23:50 : update: added Men In Love #1/Essa tal liberdade-SPC.wma
Aug 26 23:50 : update: added Men In Love #1/John Lennon - Imagine.mp3
Aug 26 23:50 : update: added Men In Love #1/Elton John - Sacrifice.mp3
Aug 26 23:50 : update: added Men In Love #1/Coldplay - Clocks.mp3
Aug 26 23:50 : update: added Men In Love #1/Rapsodia.mp3
Aug 26 23:50 : update: added Men In Love #1/Viva La Vida.mp3
Aug 26 23:50 : update: added Men In Love #1/Coldplay - The Hardest Part.mp3
Aug 26 23:50 : update: added Men In Love #1/Shania Twain - Don't.mp3
Aug 26 23:50 : update: added Men In Love #1/iu.mp3
Aug 26 23:50 : update: added Men In Love #1/Numb.mp3
Aug 26 23:50 : update: added Men In Love #1/Robbie Williams - Sexed Up.mp3
Aug 26 23:50 : update: added Men In Love #1/4- Antracs.wma
Aug 26 23:50 : update: added Men In Love #1/07 - Pura inocência - Pólo Norte.mp3
Aug 26 23:50 : update: added Men In Love #1/03 I Have A Dream.mp3
Aug 26 23:50 : update: added Men In Love #1/10- Sinto que te conheço.wma
Aug 26 23:50 : update: added Men In Love #1/Faixa 3 - Westlife.wma
Aug 26 23:50 : update: added Men In Love #1/Faixa 18.wma
Aug 26 23:50 : update: added Men In Love #1/04 My Immortal.wma
Aug 26 23:50 : update: added Men In Love #1/01 Será (Ao Vivo).mp3
Aug 26 23:50 : update: added Men In Love #1/Dido - Life For Rent.mp3
Aug 26 23:50 : ffmpeg/mov,mp4,m4a,3gp,3g2,mj2: stream 0, timescale not set
Aug 26 23:50 : ffmpeg/mjpeg: Changing bps to 8
Aug 26 23:50 : update: added Men In Love #1/06 - X&Y.m4a
Aug 26 23:50 : update: added Men In Love #1/Amanhã não se Sabe1.mp3
Aug 26 23:50 : update: added Men In Love #1/1- I can feel you.wma
Aug 26 23:50 : update: added Men In Love #1/02 Bring Me To Live.wma
Aug 26 23:50 : update: added Men In Love #1/03 Don't Let the Sun Go Down on Me.mp3
Aug 26 23:50 : update: added Men In Love #1/Cindy Lopper - Time of the Time.mp3
Aug 26 23:50 : update: added Men In Love #1/Fala-me de Amor - Santos e Pecadores & Joao Pedro Pais.mp3
Aug 26 23:50 : update: added Men In Love #1/Metalica-The unforgiven II.mp3
Aug 26 23:50 : update: added Men In Love #1/04 Shimbalaiê.mp3
Aug 26 23:50 : update: added Men In Love #1/nigth cold.mp3
Aug 26 23:50 : update: added Men In Love #1/1- MY LOVE.wma
Aug 26 23:50 : update: added Men In Love #1/Love in this Club - Usher.wma
Aug 26 23:50 : update: added Men In Love #1/10 (everything i do) i do it for you.wma
Aug 26 23:50 : update: added Men In Love #1/17. The Rain.mp3
Aug 26 23:50 : update: added Men In Love #1/Hanson - Save Me.mp3
Aug 26 23:50 : update: added Men In Love #1/Save me.mp3
Aug 26 23:50 : update: added Men In Love #1/08. Spending My Time.mp3
Aug 26 23:50 : update: added Men In Love #1/ROBERTA_MIRANDA__CABECINHA_NO_.mp3
Aug 26 23:50 : update: added Men In Love #1/joão pedro pais - mentira.mp3
Aug 26 23:50 : update: added Men In Love #1/Pedro Abrunhosa e os Bandemónio - Momento.mp3
Aug 26 23:50 : update: added Men In Love #1/04 My Lover's Gone.mp3
Aug 26 23:50 : update: added Men In Love #1/02 This Is The Life.mp3
Aug 26 23:50 : update: added Men In Love #1/hey jude.mp3
Aug 26 23:50 : update: added Men In Love #1/01 White Flag.mp3
Aug 26 23:50 : update: added Men In Love #1/08 Nikita.mp3
Aug 26 23:50 : update: added Men In Love #1/03-Tribalistas - Velha Infância.mp3
Aug 26 23:50 : update: added Men In Love #1/Foreigner - I Wanna Know What Love Is.mp3
Aug 26 23:50 : update: added Men In Love #1/Coldplay - Fix You (Album Version).mp3
Aug 26 23:50 : update: added Men In Love #1/No me ames.mp3
Aug 26 23:50 : update: added Men In Love #1/Enigma - Sadeness Part 1 (Extended Tran.mp3
Aug 26 23:50 : update: added Men In Love #1/04 My Immortal.mp3
Aug 26 23:50 : update: added Men In Love #1/All 4 One - I Swear.mp3
Aug 26 23:50 : update: added Men In Love #1/03 Sexual Healing.mp3
Aug 26 23:50 : update: added Men In Love #1/05. It Must Have Been Love.mp3
Aug 26 23:50 : update: added Men In Love #1/stevie wonder - isn't she lovely.mp3
Aug 26 23:50 : update: added Men In Love #1/Melanie C - First Day Of My Life.mp3
Aug 26 23:50 : update: added Men In Love #1/My heart will go on.mp3
Aug 26 23:50 : update: added Men In Love #1/Paulo Gonzo & Santos e Pecadores - Jardins Proibidos.mp3
Aug 26 23:50 : update: added Men In Love #1/01 I Will Always Love You.mp3
Aug 26 23:50 : update: added Men In Love #1/artist - Track 10.mp3
Aug 26 23:50 : client: [20] opened from 127.0.0.1:48792
Aug 26 23:50 : client: [20] closed
Aug 26 23:50 : client: [21] opened from 127.0.0.1:48796
Aug 26 23:51 : player: played "Elida Almeida - Sofá.mp3"
Aug 26 23:51 : player: played "Assol Garcia/Alma di Minino/07 Alma di Minino.mp3"
Aug 26 23:55 : player: played "Assol Garcia/Alma di Minino/09 Beju Furtadu.mp3"
Aug 26 23:55 : client: [22] opened from 127.0.0.1:48902
Aug 26 23:55 : player: played "3 HOURS Instrumental Guitar Music Positive Energy For Study.m4a"
Aug 26 23:55 : client: [22] closed
Aug 26 23:55 : client: [23] opened from 127.0.0.1:48906
Aug 26 23:55 : player: played "Assol Garcia/Alma di Minino/09 Beju Furtadu.mp3"
Aug 26 23:55 : client: [23] closed
Aug 26 23:55 : client: [24] opened from 127.0.0.1:48910
Aug 26 23:55 : player: played "Assol Garcia/Alma di Minino/07 Alma di Minino.mp3"
Aug 26 23:55 : client: [24] closed
Aug 26 23:55 : client: [25] opened from 127.0.0.1:48914
Aug 26 23:55 : player: played "Elida Almeida - Lebam Ku Bo.mp3"
Aug 26 23:55 : client: [25] closed
Aug 27 00:00 : player: played "Elida Almeida - Mar Sagrado.mp3"
Aug 27 00:04 : player: played "Elida Almeida - Lebam Ku Bo.mp3"
Aug 27 00:05 : player: played "Assol Garcia/Alma di Minino/07 Alma di Minino.mp3"
Aug 27 00:05 : player: played "Men In Love #1/14 Faixa 14.mp3"
Aug 27 00:05 : player: played "Men In Love #1/14 Faixa 14.mp3"
Aug 27 00:07 : client: [26] opened from 127.0.0.1:49126
Aug 27 00:07 : player: played "Men In Love #1/03 Cristal Quebrado.mp3"
Aug 27 00:07 : client: [26] closed
Aug 27 00:07 : client: [27] opened from 127.0.0.1:49130
Aug 27 00:07 : player: played "3 HOURS Instrumental Guitar Music Positive Energy For Study.m4a"
Aug 27 00:07 : client: [27] closed
Aug 27 00:07 : client: [28] opened from 127.0.0.1:49134
Aug 27 00:07 : player: played "Men In Love #1/03 Cristal Quebrado.mp3"
Aug 27 00:07 : client: [28] closed
Aug 27 00:07 : client: [29] opened from 127.0.0.1:49138
Aug 27 00:07 : player: played "Men In Love #1/14 Faixa 14.mp3"
Aug 27 00:07 : client: [29] closed
Aug 27 00:07 : client: [30] opened from 127.0.0.1:49142
Aug 27 00:07 : player: played "Men In Love #1/14 Faixa 14.mp3"
Aug 27 00:07 : client: [30] closed
Aug 27 00:07 : client: [31] opened from 127.0.0.1:49146
Aug 27 00:07 : player: played "Assol Garcia/Alma di Minino/09 Beju Furtadu.mp3"
Aug 27 00:07 : client: [31] closed
Aug 27 00:07 : client: [32] opened from 127.0.0.1:49150
Aug 27 00:07 : player: played "Assol Garcia/Alma di Minino/07 Alma di Minino.mp3"
Aug 27 00:07 : client: [32] closed
Aug 27 00:07 : client: [33] opened from 127.0.0.1:49156
Aug 27 00:07 : player: played "Elida Almeida - Lebam Ku Bo.mp3"
Aug 27 00:07 : client: [33] closed
Aug 27 00:07 : client: [34] opened from 127.0.0.1:49160
Aug 27 00:07 : player: played "Elida Almeida - Mar Sagrado.mp3"
Aug 27 00:07 : client: [34] closed
Aug 27 00:12 : player: played "Mirri Lobo - Caldera Preta/13 Tont temp.mp3"
Aug 27 00:12 : client: [35] opened from 127.0.0.1:49238
Aug 27 00:12 : player: played "Elida Almeida - Mar Sagrado.mp3"
Aug 27 00:12 : client: [35] closed
Aug 27 00:12 : client: [36] opened from 127.0.0.1:49242
Aug 27 00:12 : player: played "Elida Almeida - Lebam Ku Bo.mp3"
Aug 27 00:12 : client: [36] closed
Aug 27 00:12 : player: played "Assol Garcia/Alma di Minino/07 Alma di Minino.mp3"
Aug 27 00:12 : player: played "Men In Love #1/joão pedro pais - mentira.mp3"
Aug 27 00:12 : player: played "Men In Love #1/10 Going home.mp3"
Aug 27 00:12 : player: played "Men In Love #1/04-leona_lewis-better_in_time.mp3"
Aug 27 00:12 : player: played "Coldplay/A Rush Of Blood To The Head/05 Clocks.mp3"
Aug 27 00:12 : player: played "Coldplay/Coldplay - Ghost Stories (Deluxe Edition)/01 Always In My Head.mp3"
Aug 27 00:17 : player: played "Coldplay/Coldplay - Ghost Stories (Deluxe Edition)/02 Magic.mp3"
Aug 27 00:17 : player: played "3 HOURS Instrumental Guitar Music Positive Energy For Study.m4a"
Aug 27 00:20 : db: No such directory
Aug 27 00:20 : errno: Failed to open "/home/noslin/.config/mpd/playlists/all.m3u": No such file or directory
Aug 27 00:20 : playlist: No such playlist
Aug 27 00:21 : player: played "Coldplay/Coldplay - Ghost Stories (Deluxe Edition)/07 Oceans.mp3"
Aug 27 00:21 : player: played "Coldplay/Coldplay - Ghost Stories (Deluxe Edition)/02 Magic.mp3"
Aug 27 00:22 : player: played "Coldplay/Ghost Stories/12 O (Part 2 - Reprise).mp3"
Aug 27 00:26 : player: played "Coldplay/Ghost Stories/02 Magic.mp3"
Aug 27 00:27 : client: [37] opened from 127.0.0.1:49502
Aug 27 00:27 : client: [37] closed
Aug 27 00:27 : client: [38] opened from 127.0.0.1:49510
Aug 27 00:27 : client: [38] closed
Aug 27 00:27 : client: [39] opened from 127.0.0.1:49514
Aug 27 00:27 : player: played "3 HOURS Instrumental Guitar Music Positive Energy For Study.m4a"
Aug 27 00:27 : client: [39] closed
Aug 27 00:27 : client: [40] opened from 127.0.0.1:49522
Aug 27 00:27 : player: played "3 HOURS Instrumental Guitar Music Positive Energy For Study.m4a"
Aug 27 00:27 : client: [40] closed
Aug 27 00:27 : client: [41] opened from 127.0.0.1:49528
Aug 27 00:27 : player: played "3 HOURS Instrumental Guitar Music Positive Energy For Study.m4a"
Aug 27 00:27 : client: [41] closed
Aug 27 00:27 : client: [42] opened from 127.0.0.1:49536
Aug 27 00:27 : player: played "3 HOURS Instrumental Guitar Music Positive Energy For Study.m4a"
Aug 27 00:27 : client: [42] closed
Aug 27 00:27 : client: [43] opened from 127.0.0.1:49540
Aug 27 00:27 : player: played "3 HOURS Instrumental Guitar Music Positive Energy For Study.mp3"
Aug 27 00:27 : client: [43] closed
Aug 27 00:27 : client: [44] opened from 127.0.0.1:49544
Aug 27 00:27 : player: played "Elida Almeida - Di Mi Ku Bó.mp3"
Aug 27 00:27 : client: [44] closed
Aug 27 00:27 : client: [45] opened from 127.0.0.1:49548
Aug 27 00:27 : player: played "Elida Almeida - Djam N'krel Pa Mi.mp3"
Aug 27 00:27 : client: [45] closed
Aug 27 00:28 : client: [46] opened from 127.0.0.1:49580
Aug 27 00:28 : client: [46] closed
Aug 27 00:28 : client: [47] opened from 127.0.0.1:49584
Aug 27 00:28 : client: [47] closed
Aug 27 00:28 : client: [48] opened from 127.0.0.1:49588
Aug 27 00:28 : player: played "Elida Almeida - Joana.mp3"
Aug 27 00:28 : client: [48] closed
Aug 27 00:28 : client: [49] opened from 127.0.0.1:49592
Aug 27 00:28 : client: [49] closed
Aug 27 00:28 : client: [50] opened from 127.0.0.1:49606
Aug 27 00:28 : client: [50] closed
Aug 27 00:29 : client: [51] opened from 127.0.0.1:49610
Aug 27 00:29 : client: [51] closed
Aug 27 00:29 : client: [52] opened from 127.0.0.1:49614
Aug 27 00:29 : client: [52] closed
Aug 27 00:29 : client: [53] opened from 127.0.0.1:49618
Aug 27 00:29 : client: [53] closed
Aug 27 00:29 : client: [54] opened from 127.0.0.1:49622
Aug 27 00:29 : client: [54] closed
Aug 27 00:29 : client: [55] opened from 127.0.0.1:49626
Aug 27 00:29 : client: [55] closed
Aug 27 00:29 : client: [56] opened from 127.0.0.1:49634
Aug 27 00:29 : client: [56] closed
Aug 27 00:29 : client: [57] opened from 127.0.0.1:49638
Aug 27 00:29 : client: [57] closed
Aug 27 00:29 : client: [21] closed
Aug 27 00:29 : client: [58] opened from 127.0.0.1:49642
Aug 27 00:29 : client: [59] opened from 127.0.0.1:49646
Aug 27 00:29 : player: played "Men In Love #1/Hanson - Save Me.mp3"
Aug 27 00:29 : client: [59] closed
Aug 27 00:37 : player: played "Men In Love #1/hey jude.mp3"
Aug 27 00:40 : player: played "Men In Love #1/let it be.mp3"
Aug 27 00:43 : player: played "Men In Love #1/LIONEL RITCHIE - STUCK ON YOU.mp3"
Aug 27 00:47 : player: played "Men In Love #1/Melanie C - First Day Of My Life.mp3"
Aug 27 00:47 : client: [60] opened from 127.0.0.1:49690
Aug 27 00:47 : player: played "Men In Love #1/Pedro Abrunhosa e os Bandemónio - Momento.mp3"
Aug 27 00:47 : client: [60] closed
Aug 27 00:47 : client: [61] opened from 127.0.0.1:49694
Aug 27 00:47 : player: played "Men In Love #1/Rui Veloso_mesmo sabendo.wma"
Aug 27 00:47 : client: [61] closed
Aug 27 00:47 : client: [62] opened from 127.0.0.1:49698
Aug 27 00:47 : player: played "Men In Love #1/Save me.mp3"
Aug 27 00:47 : client: [62] closed
Aug 27 00:47 : client: [63] opened from 127.0.0.1:49702
Aug 27 00:47 : player: played "Men In Love #1/Spend my Time.mp3"
Aug 27 00:47 : client: [63] closed
Aug 27 00:51 : player: played "Men In Love #1/stevie wonder - isn't she lovely.mp3"
Aug 27 00:56 : player: played "Men In Love #1/02 CAN'T TUTN BACK THE YEARS.mp3"
Aug 27 01:00 : player: played "Men In Love #1/1- I can feel you.wma"
Aug 27 01:04 : player: played "Men In Love #1/black eyes.mp3"
